<?xml version="1.0" encoding="UTF-8"?>
<!-- Generated by org.testng.reporters.JUnitXMLReporter -->
<testsuite hostname="LAPTOP-MRESAA2R" ignored="0" name="Customreportertest" tests="3" failures="1" timestamp="15 Jul 2019 16:40:14 GMT" time="0.125" errors="0">
  <testcase name="test1" time="0.031" classname="Reports.IReportTest"/>
  <testcase name="test2" time="0.016" classname="Reports.IReportTest">
    <failure type="java.lang.AssertionError" message="expected [true] but found [false]">
      <![CDATA[java.lang.AssertionError: expected [true] but found [false]
	at Reports.IReportTest.test2(IReportTest.java:17)
... Removed 29 stack frames]]>
    </failure>
  </testcase> <!-- test2 -->
  <testcase name="test3" time="0.0" classname="Reports.IReportTest">
    <skipped/>
  </testcase> <!-- test3 -->
</testsuite> <!-- Customreportertest -->
