<?xml version="1.0" encoding="UTF-8"?>
<testng-results skipped="0" failed="0" ignored="0" total="1" passed="1">
  <reporter-output>
  </reporter-output>
  <suite name="Default suite" duration-ms="19175" started-at="2019-07-16T12:22:05Z" finished-at="2019-07-16T12:22:24Z">
    <groups>
    </groups>
    <test name="Default test" duration-ms="19175" started-at="2019-07-16T12:22:05Z" finished-at="2019-07-16T12:22:24Z">
      <class name="com.qa.emicalculator.EMI_Calculator">
        <test-method status="PASS" signature="emicalc()[pri:0, instance:com.qa.emicalculator.EMI_Calculator@d8355a8]" name="emicalc" duration-ms="19130" started-at="2019-07-16T17:52:05Z" finished-at="2019-07-16T17:52:24Z">
          <reporter-output>
          </reporter-output>
        </test-method> <!-- emicalc -->
      </class> <!-- com.qa.emicalculator.EMI_Calculator -->
    </test> <!-- Default test -->
  </suite> <!-- Default suite -->
</testng-results>
